<?xml version="1.0" encoding="UTF-8"?>
<!-- Generated by org.testng.reporters.JUnitReportReporter -->
<testsuite hostname="DESKTOP-O95LREJ" failures="0" tests="1" name="Base.BaseTests" time="1.130" errors="0" timestamp="2023-08-13T21:36:23 PDT" skipped="0">
  <testcase classname="Base.BaseTests" name="goHome" time="1.130"/>
  <system-out/>
</testsuite> <!-- Base.BaseTests -->
