<?xml version="1.0" encoding="UTF-8"?>
<!-- Generated by org.testng.reporters.JUnitReportReporter -->
<testsuite hostname="DESKTOP-O95LREJ" failures="0" tests="1" name="TestBasis.SinginTest" time="0.507" errors="0" timestamp="2023-03-15T11:57:46 PDT" skipped="0">
  <testcase classname="TestBasis.SinginTest" name="Valid" time="0.507"/>
  <system-out/>
</testsuite> <!-- TestBasis.SinginTest -->
