<?xml version="1.0" encoding="UTF-8"?>
<!-- Generated by org.testng.reporters.JUnitReportReporter -->
<testsuite hostname="DESKTOP-O95LREJ" failures="0" tests="1" name="FollowUs.FollowUsTest" time="36.888" errors="0" timestamp="2023-09-14T20:44:15 PDT" skipped="0">
  <testcase classname="FollowUs.FollowUsTest" name="followUs" time="36.888"/>
  <system-out/>
</testsuite> <!-- FollowUs.FollowUsTest -->
