<?xml version="1.0" encoding="UTF-8"?>
<!-- Generated by org.testng.reporters.JUnitReportReporter -->
<testsuite hostname="DESKTOP-O95LREJ" failures="0" tests="1" name="Search.SearchTest" time="4.571" errors="0" timestamp="2023-09-18T03:50:12 PDT" skipped="0">
  <testcase classname="Search.SearchTest" name="searchTestWithContainedWord" time="4.571"/>
  <system-out/>
</testsuite> <!-- Search.SearchTest -->
