<?xml version="1.0" encoding="UTF-8"?>
<!-- Generated by org.testng.reporters.JUnitReportReporter -->
<testsuite hostname="DESKTOP-O95LREJ" failures="0" tests="1" name="BlogTest" time="5.962" errors="0" timestamp="2023-09-17T23:26:38 PDT" skipped="0">
  <testcase classname="BlogTest" name="name" time="5.962"/>
  <system-out/>
</testsuite> <!-- BlogTest -->
