<?xml version="1.0" encoding="UTF-8"?>
<!-- Generated by org.testng.reporters.JUnitReportReporter -->
<testsuite hostname="DESKTOP-O95LREJ" failures="0" tests="1" name="Product.WishListTest" time="9.530" errors="0" timestamp="2023-09-17T19:15:14 PDT" skipped="0">
  <testcase classname="Product.WishListTest" name="testAddingItem" time="9.530"/>
  <system-out/>
</testsuite> <!-- Product.WishListTest -->
