<?xml version="1.0" encoding="UTF-8"?>
<!-- Generated by org.testng.reporters.JUnitReportReporter -->
<testsuite hostname="DESKTOP-O95LREJ" failures="0" tests="1" name="WishList.WishListTest" time="9.758" errors="0" timestamp="2023-09-18T02:10:20 PDT" skipped="0">
  <testcase classname="WishList.WishListTest" name="testAddItemAndCheckWishListPage" time="9.758"/>
  <system-out/>
</testsuite> <!-- WishList.WishListTest -->
