<?xml version="1.0" encoding="UTF-8"?>
<!-- Generated by org.testng.reporters.JUnitReportReporter -->
<testsuite hostname="DESKTOP-O95LREJ" failures="0" tests="1" name="ShoppingCart.ShoppingCartTest" time="10.912" errors="0" timestamp="2023-09-18T02:16:04 PDT" skipped="0">
  <testcase classname="ShoppingCart.ShoppingCartTest" name="testAddItemAndCheckCartPage" time="10.912"/>
  <system-out/>
</testsuite> <!-- ShoppingCart.ShoppingCartTest -->
