<?xml version="1.0" encoding="UTF-8"?>
<!-- Generated by org.testng.reporters.JUnitReportReporter -->
<testsuite hostname="DESKTOP-O95LREJ" failures="0" tests="1" name="Product.ProductValidation" time="9.537" errors="0" timestamp="2023-09-15T15:35:52 PDT" skipped="0">
  <testcase classname="Product.ProductValidation" name="validProduct" time="9.537"/>
  <system-out/>
</testsuite> <!-- Product.ProductValidation -->
