<?xml version="1.0" encoding="UTF-8"?>
<!-- Generated by org.testng.reporters.JUnitReportReporter -->
<testsuite hostname="DESKTOP-O95LREJ" failures="0" tests="1" name="Login.LoginTest" time="10.026" errors="0" timestamp="2023-08-28T03:44:19 PDT" skipped="0">
  <testcase classname="Login.LoginTest" name="name" time="10.026"/>
  <system-out/>
</testsuite> <!-- Login.LoginTest -->
